<?xml version="1.0" encoding="UTF-8"?>
<testsuite name="book.taegyun.com.web.dto.HelloResponseDtoTest" tests="1" skipped="0" failures="0" errors="0" timestamp="2021-06-02T12:57:58" hostname="DESKTOP-EEG1DVF" time="0.005">
  <properties/>
  <testcase name="lombok_function_test" classname="book.taegyun.com.web.dto.HelloResponseDtoTest" time="0.005"/>
  <system-out><![CDATA[]]></system-out>
  <system-err><![CDATA[]]></system-err>
</testsuite>
