<?xml version="1.0" encoding="UTF-8"?>
<testsuite name="book.taegyun.com.web.IndexControllerTest" tests="1" skipped="0" failures="0" errors="0" timestamp="2021-06-02T12:58:00" hostname="DESKTOP-EEG1DVF" time="0.244">
  <properties/>
  <testcase name="메인페이지_로딩" classname="book.taegyun.com.web.IndexControllerTest" time="0.244"/>
  <system-out><![CDATA[2021-06-02 21:58:00.329  INFO 10444 --- [    Test worker] .b.t.c.SpringBootTestContextBootstrapper : Neither @ContextConfiguration nor @ContextHierarchy found for test class [book.taegyun.com.web.IndexControllerTest], using SpringBootContextLoader
2021-06-02 21:58:00.330  INFO 10444 --- [    Test worker] o.s.t.c.support.AbstractContextLoader    : Could not detect default resource locations for test class [book.taegyun.com.web.IndexControllerTest]: no resource found for suffixes {-context.xml, Context.groovy}.
2021-06-02 21:58:00.330  INFO 10444 --- [    Test worker] t.c.s.AnnotationConfigContextLoaderUtils : Could not detect default configuration classes for test class [book.taegyun.com.web.IndexControllerTest]: IndexControllerTest does not declare any static, non-private, non-final, nested classes annotated with @Configuration.
2021-06-02 21:58:00.333  INFO 10444 --- [    Test worker] .b.t.c.SpringBootTestContextBootstrapper : Found @SpringBootConfiguration book.taegyun.com.Application for test class book.taegyun.com.web.IndexControllerTest
2021-06-02 21:58:00.335  INFO 10444 --- [    Test worker] .b.t.c.SpringBootTestContextBootstrapper : Loaded default TestExecutionListener class names from location [META-INF/spring.factories]: [org.springframework.security.test.context.support.WithSecurityContextTestExecutionListener, org.springframework.security.test.context.support.ReactorContextTestExecutionListener, org.springframework.boot.test.autoconfigure.restdocs.RestDocsTestExecutionListener, org.springframework.boot.test.autoconfigure.web.client.MockRestServiceServerResetTestExecutionListener, org.springframework.boot.test.autoconfigure.web.servlet.MockMvcPrintOnlyOnFailureTestExecutionListener, org.springframework.boot.test.autoconfigure.web.servlet.WebDriverTestExecutionListener, org.springframework.boot.test.mock.mockito.MockitoTestExecutionListener, org.springframework.boot.test.mock.mockito.ResetMocksTestExecutionListener, org.springframework.test.context.web.ServletTestExecutionListener, org.springframework.test.context.support.DirtiesContextBeforeModesTestExecutionListener, org.springframework.test.context.support.DependencyInjectionTestExecutionListener, org.springframework.test.context.support.DirtiesContextTestExecutionListener, org.springframework.test.context.transaction.TransactionalTestExecutionListener, org.springframework.test.context.jdbc.SqlScriptsTestExecutionListener]
2021-06-02 21:58:00.336  INFO 10444 --- [    Test worker] .b.t.c.SpringBootTestContextBootstrapper : Using TestExecutionListeners: [org.springframework.test.context.web.ServletTestExecutionListener@e892770, org.springframework.test.context.support.DirtiesContextBeforeModesTestExecutionListener@2a9b8130, org.springframework.boot.test.mock.mockito.MockitoTestExecutionListener@6a4786c2, org.springframework.boot.test.autoconfigure.SpringBootDependencyInjectionTestExecutionListener@77fb2706, org.springframework.test.context.support.DirtiesContextTestExecutionListener@300e3c2e, org.springframework.test.context.transaction.TransactionalTestExecutionListener@46eaa91e, org.springframework.test.context.jdbc.SqlScriptsTestExecutionListener@104d4697, org.springframework.security.test.context.support.WithSecurityContextTestExecutionListener@3e20808f, org.springframework.security.test.context.support.ReactorContextTestExecutionListener@7f8e2429, org.springframework.boot.test.autoconfigure.restdocs.RestDocsTestExecutionListener@6c3fd09f, org.springframework.boot.test.autoconfigure.web.client.MockRestServiceServerResetTestExecutionListener@16bc5a71, org.springframework.boot.test.autoconfigure.web.servlet.MockMvcPrintOnlyOnFailureTestExecutionListener@2ca294d1, org.springframework.boot.test.autoconfigure.web.servlet.WebDriverTestExecutionListener@22034200, org.springframework.boot.test.mock.mockito.ResetMocksTestExecutionListener@302ac5f7]
2021-06-02 21:58:00.479  INFO 10444 --- [o-auto-1-exec-1] o.a.c.c.C.[Tomcat].[localhost].[/]       : Initializing Spring DispatcherServlet 'dispatcherServlet'
2021-06-02 21:58:00.480  INFO 10444 --- [o-auto-1-exec-1] o.s.web.servlet.DispatcherServlet        : Initializing Servlet 'dispatcherServlet'
2021-06-02 21:58:00.483  INFO 10444 --- [o-auto-1-exec-1] o.s.web.servlet.DispatcherServlet        : Completed initialization in 3 ms
Hibernate: select posts0_.id as id1_0_, posts0_.create_date as create_d2_0_, posts0_.modified_date as modified3_0_, posts0_.author as author4_0_, posts0_.content as content5_0_, posts0_.title as title6_0_ from posts posts0_ order by posts0_.id DESC
]]></system-out>
  <system-err><![CDATA[]]></system-err>
</testsuite>
