<?xml version="1.0" encoding="UTF-8"?>
<testsuite name="book.taegyun.com.web.PostsApiControllerTest" tests="2" skipped="0" failures="0" errors="0" timestamp="2021-06-02T12:57:53" hostname="DESKTOP-EEG1DVF" time="0.853">
  <properties/>
  <testcase name="Posts_등록" classname="book.taegyun.com.web.PostsApiControllerTest" time="0.817"/>
  <testcase name="Posts_수정" classname="book.taegyun.com.web.PostsApiControllerTest" time="0.036"/>
  <system-out><![CDATA[21:57:40.404 [Test worker] DEBUG org.springframework.test.context.junit4.SpringJUnit4ClassRunner - SpringJUnit4ClassRunner constructor called with [class book.taegyun.com.web.PostsApiControllerTest]
21:57:40.416 [Test worker] DEBUG org.springframework.test.context.BootstrapUtils - Instantiating CacheAwareContextLoaderDelegate from class [org.springframework.test.context.cache.DefaultCacheAwareContextLoaderDelegate]
21:57:40.435 [Test worker] DEBUG org.springframework.test.context.BootstrapUtils - Instantiating BootstrapContext using constructor [public org.springframework.test.context.support.DefaultBootstrapContext(java.lang.Class,org.springframework.test.context.CacheAwareContextLoaderDelegate)]
21:57:40.467 [Test worker] DEBUG org.springframework.test.context.BootstrapUtils - Instantiating TestContextBootstrapper for test class [book.taegyun.com.web.PostsApiControllerTest] from class [org.springframework.boot.test.context.SpringBootTestContextBootstrapper]
21:57:40.485 [Test worker] INFO org.springframework.boot.test.context.SpringBootTestContextBootstrapper - Neither @ContextConfiguration nor @ContextHierarchy found for test class [book.taegyun.com.web.PostsApiControllerTest], using SpringBootContextLoader
21:57:40.492 [Test worker] DEBUG org.springframework.test.context.support.AbstractContextLoader - Did not detect default resource location for test class [book.taegyun.com.web.PostsApiControllerTest]: class path resource [book/taegyun/com/web/PostsApiControllerTest-context.xml] does not exist
21:57:40.493 [Test worker] DEBUG org.springframework.test.context.support.AbstractContextLoader - Did not detect default resource location for test class [book.taegyun.com.web.PostsApiControllerTest]: class path resource [book/taegyun/com/web/PostsApiControllerTestContext.groovy] does not exist
21:57:40.494 [Test worker] INFO org.springframework.test.context.support.AbstractContextLoader - Could not detect default resource locations for test class [book.taegyun.com.web.PostsApiControllerTest]: no resource found for suffixes {-context.xml, Context.groovy}.
21:57:40.495 [Test worker] INFO org.springframework.test.context.support.AnnotationConfigContextLoaderUtils - Could not detect default configuration classes for test class [book.taegyun.com.web.PostsApiControllerTest]: PostsApiControllerTest does not declare any static, non-private, non-final, nested classes annotated with @Configuration.
21:57:40.573 [Test worker] DEBUG org.springframework.test.context.support.ActiveProfilesUtils - Could not find an 'annotation declaring class' for annotation type [org.springframework.test.context.ActiveProfiles] and class [book.taegyun.com.web.PostsApiControllerTest]
21:57:40.760 [Test worker] DEBUG org.springframework.context.annotation.ClassPathScanningCandidateComponentProvider - Identified candidate component class: file [C:\Users\taeku\Desktop\IntelliJ\build\classes\java\main\book\taegyun\com\Application.class]
21:57:40.762 [Test worker] INFO org.springframework.boot.test.context.SpringBootTestContextBootstrapper - Found @SpringBootConfiguration book.taegyun.com.Application for test class book.taegyun.com.web.PostsApiControllerTest
21:57:40.980 [Test worker] DEBUG org.springframework.boot.test.context.SpringBootTestContextBootstrapper - @TestExecutionListeners is not present for class [book.taegyun.com.web.PostsApiControllerTest]: using defaults.
21:57:40.981 [Test worker] INFO org.springframework.boot.test.context.SpringBootTestContextBootstrapper - Loaded default TestExecutionListener class names from location [META-INF/spring.factories]: [org.springframework.security.test.context.support.WithSecurityContextTestExecutionListener, org.springframework.security.test.context.support.ReactorContextTestExecutionListener, org.springframework.boot.test.autoconfigure.restdocs.RestDocsTestExecutionListener, org.springframework.boot.test.autoconfigure.web.client.MockRestServiceServerResetTestExecutionListener, org.springframework.boot.test.autoconfigure.web.servlet.MockMvcPrintOnlyOnFailureTestExecutionListener, org.springframework.boot.test.autoconfigure.web.servlet.WebDriverTestExecutionListener, org.springframework.boot.test.mock.mockito.MockitoTestExecutionListener, org.springframework.boot.test.mock.mockito.ResetMocksTestExecutionListener, org.springframework.test.context.web.ServletTestExecutionListener, org.springframework.test.context.support.DirtiesContextBeforeModesTestExecutionListener, org.springframework.test.context.support.DependencyInjectionTestExecutionListener, org.springframework.test.context.support.DirtiesContextTestExecutionListener, org.springframework.test.context.transaction.TransactionalTestExecutionListener, org.springframework.test.context.jdbc.SqlScriptsTestExecutionListener]
21:57:41.035 [Test worker] INFO org.springframework.boot.test.context.SpringBootTestContextBootstrapper - Using TestExecutionListeners: [org.springframework.test.context.web.ServletTestExecutionListener@16695563, org.springframework.test.context.support.DirtiesContextBeforeModesTestExecutionListener@2d1f27f8, org.springframework.boot.test.mock.mockito.MockitoTestExecutionListener@67f75fa, org.springframework.boot.test.autoconfigure.SpringBootDependencyInjectionTestExecutionListener@5b972ddd, org.springframework.test.context.support.DirtiesContextTestExecutionListener@789a981, org.springframework.test.context.transaction.TransactionalTestExecutionListener@537d7e6f, org.springframework.test.context.jdbc.SqlScriptsTestExecutionListener@2ed0015f, org.springframework.security.test.context.support.WithSecurityContextTestExecutionListener@4ccb389d, org.springframework.security.test.context.support.ReactorContextTestExecutionListener@6c44524, org.springframework.boot.test.autoconfigure.restdocs.RestDocsTestExecutionListener@3ef2cd95, org.springframework.boot.test.autoconfigure.web.client.MockRestServiceServerResetTestExecutionListener@1086f9ed, org.springframework.boot.test.autoconfigure.web.servlet.MockMvcPrintOnlyOnFailureTestExecutionListener@51c24b0, org.springframework.boot.test.autoconfigure.web.servlet.WebDriverTestExecutionListener@21d5bc52, org.springframework.boot.test.mock.mockito.ResetMocksTestExecutionListener@9635398]
21:57:41.041 [Test worker] DEBUG org.springframework.test.annotation.ProfileValueUtils - Retrieved @ProfileValueSourceConfiguration [null] for test class [book.taegyun.com.web.PostsApiControllerTest]
21:57:41.041 [Test worker] DEBUG org.springframework.test.annotation.ProfileValueUtils - Retrieved ProfileValueSource type [class org.springframework.test.annotation.SystemProfileValueSource] for class [book.taegyun.com.web.PostsApiControllerTest]
21:57:41.043 [Test worker] DEBUG org.springframework.test.annotation.ProfileValueUtils - Retrieved @ProfileValueSourceConfiguration [null] for test class [book.taegyun.com.web.PostsApiControllerTest]
21:57:41.043 [Test worker] DEBUG org.springframework.test.annotation.ProfileValueUtils - Retrieved ProfileValueSource type [class org.springframework.test.annotation.SystemProfileValueSource] for class [book.taegyun.com.web.PostsApiControllerTest]
21:57:41.052 [Test worker] DEBUG org.springframework.test.context.support.AbstractDirtiesContextTestExecutionListener - Before test class: context [DefaultTestContext@67e504ea testClass = PostsApiControllerTest, testInstance = [null], testMethod = [null], testException = [null], mergedContextConfiguration = [WebMergedContextConfiguration@72ab977d testClass = PostsApiControllerTest, locations = '{}', classes = '{class book.taegyun.com.Application}', contextInitializerClasses = '[]', activeProfiles = '{}', propertySourceLocations = '{}', propertySourceProperties = '{org.springframework.boot.test.context.SpringBootTestContextBootstrapper=true, server.port=0}', contextCustomizers = set[org.springframework.boot.test.autoconfigure.properties.PropertyMappingContextCustomizer@0, org.springframework.boot.test.autoconfigure.web.servlet.WebDriverContextCustomizerFactory$Customizer@225b786e, org.springframework.boot.test.context.filter.ExcludeFilterContextCustomizer@4d4d951f, org.springframework.boot.test.json.DuplicateJsonObjectContextCustomizerFactory$DuplicateJsonObjectContextCustomizer@43227615, org.springframework.boot.test.mock.mockito.MockitoContextCustomizer@0, org.springframework.boot.test.web.client.TestRestTemplateContextCustomizer@12bce05f], resourceBasePath = 'src/main/webapp', contextLoader = 'org.springframework.boot.test.context.SpringBootContextLoader', parent = [null]], attributes = map['org.springframework.test.context.web.ServletTestExecutionListener.activateListener' -> false]], class annotated with @DirtiesContext [false] with mode [null].
21:57:41.053 [Test worker] DEBUG org.springframework.test.annotation.ProfileValueUtils - Retrieved @ProfileValueSourceConfiguration [null] for test class [book.taegyun.com.web.PostsApiControllerTest]
21:57:41.053 [Test worker] DEBUG org.springframework.test.annotation.ProfileValueUtils - Retrieved ProfileValueSource type [class org.springframework.test.annotation.SystemProfileValueSource] for class [book.taegyun.com.web.PostsApiControllerTest]
21:57:41.063 [Test worker] DEBUG org.springframework.test.context.support.DependencyInjectionTestExecutionListener - Performing dependency injection for test context [[DefaultTestContext@67e504ea testClass = PostsApiControllerTest, testInstance = book.taegyun.com.web.PostsApiControllerTest@54db5edd, testMethod = [null], testException = [null], mergedContextConfiguration = [WebMergedContextConfiguration@72ab977d testClass = PostsApiControllerTest, locations = '{}', classes = '{class book.taegyun.com.Application}', contextInitializerClasses = '[]', activeProfiles = '{}', propertySourceLocations = '{}', propertySourceProperties = '{org.springframework.boot.test.context.SpringBootTestContextBootstrapper=true, server.port=0}', contextCustomizers = set[org.springframework.boot.test.autoconfigure.properties.PropertyMappingContextCustomizer@0, org.springframework.boot.test.autoconfigure.web.servlet.WebDriverContextCustomizerFactory$Customizer@225b786e, org.springframework.boot.test.context.filter.ExcludeFilterContextCustomizer@4d4d951f, org.springframework.boot.test.json.DuplicateJsonObjectContextCustomizerFactory$DuplicateJsonObjectContextCustomizer@43227615, org.springframework.boot.test.mock.mockito.MockitoContextCustomizer@0, org.springframework.boot.test.web.client.TestRestTemplateContextCustomizer@12bce05f], resourceBasePath = 'src/main/webapp', contextLoader = 'org.springframework.boot.test.context.SpringBootContextLoader', parent = [null]], attributes = map['org.springframework.test.context.web.ServletTestExecutionListener.activateListener' -> false]]].
21:57:41.103 [Test worker] DEBUG org.springframework.test.context.support.TestPropertySourceUtils - Adding inlined properties to environment: {spring.jmx.enabled=false, org.springframework.boot.test.context.SpringBootTestContextBootstrapper=true, server.port=0}

  .   ____          _            __ _ _
 /\\ / ___'_ __ _ _(_)_ __  __ _ \ \ \ \
( ( )\___ | '_ | '_| | '_ \/ _` | \ \ \ \
 \\/  ___)| |_)| | | | | || (_| |  ) ) ) )
  '  |____| .__|_| |_|_| |_\__, | / / / /
 =========|_|==============|___/=/_/_/_/
 :: Spring Boot ::        (v2.1.7.RELEASE)

2021-06-02 21:57:41.603  INFO 10444 --- [    Test worker] b.t.com.web.PostsApiControllerTest       : Starting PostsApiControllerTest on DESKTOP-EEG1DVF with PID 10444 (started by taeku in C:\Users\taeku\Desktop\IntelliJ)
2021-06-02 21:57:41.605  INFO 10444 --- [    Test worker] b.t.com.web.PostsApiControllerTest       : No active profile set, falling back to default profiles: default
2021-06-02 21:57:43.119  INFO 10444 --- [    Test worker] .s.d.r.c.RepositoryConfigurationDelegate : Bootstrapping Spring Data repositories in DEFAULT mode.
2021-06-02 21:57:43.291  INFO 10444 --- [    Test worker] .s.d.r.c.RepositoryConfigurationDelegate : Finished Spring Data repository scanning in 157ms. Found 2 repository interfaces.
2021-06-02 21:57:44.174  INFO 10444 --- [    Test worker] trationDelegate$BeanPostProcessorChecker : Bean 'org.springframework.transaction.annotation.ProxyTransactionManagementConfiguration' of type [org.springframework.transaction.annotation.ProxyTransactionManagementConfiguration$$EnhancerBySpringCGLIB$$6cd2ff4a] is not eligible for getting processed by all BeanPostProcessors (for example: not eligible for auto-proxying)
2021-06-02 21:57:44.960  INFO 10444 --- [    Test worker] o.s.b.w.embedded.tomcat.TomcatWebServer  : Tomcat initialized with port(s): 0 (http)
2021-06-02 21:57:45.005  INFO 10444 --- [    Test worker] o.apache.catalina.core.StandardService   : Starting service [Tomcat]
2021-06-02 21:57:45.006  INFO 10444 --- [    Test worker] org.apache.catalina.core.StandardEngine  : Starting Servlet engine: [Apache Tomcat/9.0.22]
2021-06-02 21:57:45.294  INFO 10444 --- [    Test worker] o.a.c.c.C.[Tomcat].[localhost].[/]       : Initializing Spring embedded WebApplicationContext
2021-06-02 21:57:45.294  INFO 10444 --- [    Test worker] o.s.web.context.ContextLoader            : Root WebApplicationContext: initialization completed in 3649 ms
2021-06-02 21:57:45.827  INFO 10444 --- [    Test worker] com.zaxxer.hikari.HikariDataSource       : HikariPool-1 - Starting...
2021-06-02 21:57:46.175  INFO 10444 --- [    Test worker] com.zaxxer.hikari.HikariDataSource       : HikariPool-1 - Start completed.
2021-06-02 21:57:46.417  INFO 10444 --- [    Test worker] o.hibernate.jpa.internal.util.LogHelper  : HHH000204: Processing PersistenceUnitInfo [
	name: default
	...]
2021-06-02 21:57:46.599  INFO 10444 --- [    Test worker] org.hibernate.Version                    : HHH000412: Hibernate Core {5.3.10.Final}
2021-06-02 21:57:46.605  INFO 10444 --- [    Test worker] org.hibernate.cfg.Environment            : HHH000206: hibernate.properties not found
2021-06-02 21:57:46.997  INFO 10444 --- [    Test worker] o.hibernate.annotations.common.Version   : HCANN000001: Hibernate Commons Annotations {5.0.4.Final}
2021-06-02 21:57:47.388  INFO 10444 --- [    Test worker] org.hibernate.dialect.Dialect            : HHH000400: Using dialect: org.hibernate.dialect.MySQL5InnoDBDialect
Hibernate: drop table if exists posts
Hibernate: drop table if exists user
Hibernate: create table posts (id bigint not null auto_increment, create_date datetime, modified_date datetime, author varchar(255), content TEXT not null, title varchar(500) not null, primary key (id)) engine=InnoDB
Hibernate: create table user (id bigint not null auto_increment, create_date datetime, modified_date datetime, email varchar(255) not null, name varchar(255) not null, picture varchar(255), role varchar(255) not null, primary key (id)) engine=InnoDB
2021-06-02 21:57:48.987  INFO 10444 --- [    Test worker] o.h.t.schema.internal.SchemaCreatorImpl  : HHH000476: Executing import script 'org.hibernate.tool.schema.internal.exec.ScriptSourceInputNonExistentImpl@165eb890'
2021-06-02 21:57:48.996  INFO 10444 --- [    Test worker] j.LocalContainerEntityManagerFactoryBean : Initialized JPA EntityManagerFactory for persistence unit 'default'
2021-06-02 21:57:50.689  INFO 10444 --- [    Test worker] o.h.h.i.QueryTranslatorFactoryInitiator  : HHH000397: Using ASTQueryTranslatorFactory
2021-06-02 21:57:51.713  INFO 10444 --- [    Test worker] o.s.s.web.DefaultSecurityFilterChain     : Creating filter chain: any request, [org.springframework.security.web.context.request.async.WebAsyncManagerIntegrationFilter@368d481f, org.springframework.security.web.context.SecurityContextPersistenceFilter@547c030, org.springframework.security.web.header.HeaderWriterFilter@19c93941, org.springframework.security.web.authentication.logout.LogoutFilter@2b608748, org.springframework.security.oauth2.client.web.OAuth2AuthorizationRequestRedirectFilter@7825e96e, org.springframework.security.oauth2.client.web.OAuth2LoginAuthenticationFilter@6603aca9, org.springframework.security.web.authentication.ui.DefaultLoginPageGeneratingFilter@76dd2817, org.springframework.security.web.authentication.ui.DefaultLogoutPageGeneratingFilter@478cf9f3, org.springframework.security.web.savedrequest.RequestCacheAwareFilter@1774b17b, org.springframework.security.web.servletapi.SecurityContextHolderAwareRequestFilter@554dabfd, org.springframework.security.web.authentication.AnonymousAuthenticationFilter@257fb91e, org.springframework.security.web.session.SessionManagementFilter@6e274f33, org.springframework.security.web.access.ExceptionTranslationFilter@16b9a29e, org.springframework.security.web.access.intercept.FilterSecurityInterceptor@1ee4826]
2021-06-02 21:57:52.513  INFO 10444 --- [    Test worker] o.s.s.concurrent.ThreadPoolTaskExecutor  : Initializing ExecutorService 'applicationTaskExecutor'
2021-06-02 21:57:52.645  WARN 10444 --- [    Test worker] aWebConfiguration$JpaWebMvcConfiguration : spring.jpa.open-in-view is enabled by default. Therefore, database queries may be performed during view rendering. Explicitly configure spring.jpa.open-in-view to disable this warning
2021-06-02 21:57:52.746  INFO 10444 --- [    Test worker] o.s.b.a.w.s.WelcomePageHandlerMapping    : Adding welcome page template: index
2021-06-02 21:57:53.625  INFO 10444 --- [    Test worker] s.a.ScheduledAnnotationBeanPostProcessor : No TaskScheduler/ScheduledExecutorService bean found for scheduled processing
2021-06-02 21:57:53.677  INFO 10444 --- [    Test worker] o.s.b.w.embedded.tomcat.TomcatWebServer  : Tomcat started on port(s): 12920 (http) with context path ''
2021-06-02 21:57:53.679  INFO 10444 --- [    Test worker] b.t.com.web.PostsApiControllerTest       : Started PostsApiControllerTest in 12.574 seconds (JVM running for 14.964)
2021-06-02 21:57:53.855  INFO 10444 --- [    Test worker] o.a.c.c.C.[Tomcat].[localhost].[/]       : Initializing Spring TestDispatcherServlet ''
2021-06-02 21:57:53.855  INFO 10444 --- [    Test worker] o.s.t.web.servlet.TestDispatcherServlet  : Initializing Servlet ''
2021-06-02 21:57:53.883  INFO 10444 --- [    Test worker] o.s.t.web.servlet.TestDispatcherServlet  : Completed initialization in 28 ms
Hibernate: insert into posts (create_date, modified_date, author, content, title) values (?, ?, ?, ?, ?)
Hibernate: select posts0_.id as id1_0_, posts0_.create_date as create_d2_0_, posts0_.modified_date as modified3_0_, posts0_.author as author4_0_, posts0_.content as content5_0_, posts0_.title as title6_0_ from posts posts0_
Hibernate: select posts0_.id as id1_0_, posts0_.create_date as create_d2_0_, posts0_.modified_date as modified3_0_, posts0_.author as author4_0_, posts0_.content as content5_0_, posts0_.title as title6_0_ from posts posts0_
Hibernate: delete from posts where id=?
2021-06-02 21:57:54.521  INFO 10444 --- [    Test worker] o.a.c.c.C.[Tomcat].[localhost].[/]       : Initializing Spring TestDispatcherServlet ''
2021-06-02 21:57:54.522  INFO 10444 --- [    Test worker] o.s.t.web.servlet.TestDispatcherServlet  : Initializing Servlet ''
2021-06-02 21:57:54.524  INFO 10444 --- [    Test worker] o.s.t.web.servlet.TestDispatcherServlet  : Completed initialization in 2 ms
Hibernate: insert into posts (create_date, modified_date, author, content, title) values (?, ?, ?, ?, ?)
Hibernate: select posts0_.id as id1_0_0_, posts0_.create_date as create_d2_0_0_, posts0_.modified_date as modified3_0_0_, posts0_.author as author4_0_0_, posts0_.content as content5_0_0_, posts0_.title as title6_0_0_ from posts posts0_ where posts0_.id=?
Hibernate: update posts set create_date=?, modified_date=?, author=?, content=?, title=? where id=?
Hibernate: select posts0_.id as id1_0_, posts0_.create_date as create_d2_0_, posts0_.modified_date as modified3_0_, posts0_.author as author4_0_, posts0_.content as content5_0_, posts0_.title as title6_0_ from posts posts0_
Hibernate: select posts0_.id as id1_0_, posts0_.create_date as create_d2_0_, posts0_.modified_date as modified3_0_, posts0_.author as author4_0_, posts0_.content as content5_0_, posts0_.title as title6_0_ from posts posts0_
Hibernate: delete from posts where id=?
]]></system-out>
  <system-err><![CDATA[]]></system-err>
</testsuite>
