<?xml version="1.0" encoding="UTF-8"?>
<testsuite name="book.taegyun.com.web.HelloControllerTest" tests="2" skipped="0" failures="0" errors="0" timestamp="2021-06-02T12:58:00" hostname="DESKTOP-EEG1DVF" time="0.078">
  <properties/>
  <testcase name="helloDto_return" classname="book.taegyun.com.web.HelloControllerTest" time="0.066"/>
  <testcase name="hello_return" classname="book.taegyun.com.web.HelloControllerTest" time="0.012"/>
  <system-out><![CDATA[2021-06-02 21:57:58.422  INFO 10444 --- [    Test worker] .b.t.a.w.s.WebMvcTestContextBootstrapper : Neither @ContextConfiguration nor @ContextHierarchy found for test class [book.taegyun.com.web.HelloControllerTest], using SpringBootContextLoader
2021-06-02 21:57:58.424  INFO 10444 --- [    Test worker] o.s.t.c.support.AbstractContextLoader    : Could not detect default resource locations for test class [book.taegyun.com.web.HelloControllerTest]: no resource found for suffixes {-context.xml, Context.groovy}.
2021-06-02 21:57:58.424  INFO 10444 --- [    Test worker] t.c.s.AnnotationConfigContextLoaderUtils : Could not detect default configuration classes for test class [book.taegyun.com.web.HelloControllerTest]: HelloControllerTest does not declare any static, non-private, non-final, nested classes annotated with @Configuration.
2021-06-02 21:57:58.458  INFO 10444 --- [    Test worker] .b.t.c.SpringBootTestContextBootstrapper : Found @SpringBootConfiguration book.taegyun.com.Application for test class book.taegyun.com.web.HelloControllerTest
2021-06-02 21:57:58.459  INFO 10444 --- [    Test worker] .b.t.a.w.s.WebMvcTestContextBootstrapper : Loaded default TestExecutionListener class names from location [META-INF/spring.factories]: [org.springframework.security.test.context.support.WithSecurityContextTestExecutionListener, org.springframework.security.test.context.support.ReactorContextTestExecutionListener, org.springframework.boot.test.autoconfigure.restdocs.RestDocsTestExecutionListener, org.springframework.boot.test.autoconfigure.web.client.MockRestServiceServerResetTestExecutionListener, org.springframework.boot.test.autoconfigure.web.servlet.MockMvcPrintOnlyOnFailureTestExecutionListener, org.springframework.boot.test.autoconfigure.web.servlet.WebDriverTestExecutionListener, org.springframework.boot.test.mock.mockito.MockitoTestExecutionListener, org.springframework.boot.test.mock.mockito.ResetMocksTestExecutionListener, org.springframework.test.context.web.ServletTestExecutionListener, org.springframework.test.context.support.DirtiesContextBeforeModesTestExecutionListener, org.springframework.test.context.support.DependencyInjectionTestExecutionListener, org.springframework.test.context.support.DirtiesContextTestExecutionListener, org.springframework.test.context.transaction.TransactionalTestExecutionListener, org.springframework.test.context.jdbc.SqlScriptsTestExecutionListener]
2021-06-02 21:57:58.461  INFO 10444 --- [    Test worker] .b.t.a.w.s.WebMvcTestContextBootstrapper : Using TestExecutionListeners: [org.springframework.test.context.web.ServletTestExecutionListener@7d8500e5, org.springframework.test.context.support.DirtiesContextBeforeModesTestExecutionListener@8935a39, org.springframework.boot.test.mock.mockito.MockitoTestExecutionListener@26d6b8, org.springframework.boot.test.autoconfigure.SpringBootDependencyInjectionTestExecutionListener@353eff59, org.springframework.test.context.support.DirtiesContextTestExecutionListener@60e95333, org.springframework.test.context.transaction.TransactionalTestExecutionListener@72b98f85, org.springframework.test.context.jdbc.SqlScriptsTestExecutionListener@449c047c, org.springframework.security.test.context.support.WithSecurityContextTestExecutionListener@69aef81, org.springframework.security.test.context.support.ReactorContextTestExecutionListener@2cc054aa, org.springframework.boot.test.autoconfigure.restdocs.RestDocsTestExecutionListener@12bb3310, org.springframework.boot.test.autoconfigure.web.client.MockRestServiceServerResetTestExecutionListener@36207adf, org.springframework.boot.test.autoconfigure.web.servlet.MockMvcPrintOnlyOnFailureTestExecutionListener@67176d7d, org.springframework.boot.test.autoconfigure.web.servlet.WebDriverTestExecutionListener@495c0031, org.springframework.boot.test.mock.mockito.ResetMocksTestExecutionListener@23499b9]

  .   ____          _            __ _ _
 /\\ / ___'_ __ _ _(_)_ __  __ _ \ \ \ \
( ( )\___ | '_ | '_| | '_ \/ _` | \ \ \ \
 \\/  ___)| |_)| | | | | || (_| |  ) ) ) )
  '  |____| .__|_| |_|_| |_\__, | / / / /
 =========|_|==============|___/=/_/_/_/
 :: Spring Boot ::        (v2.1.7.RELEASE)

2021-06-02 21:57:58.538  INFO 10444 --- [    Test worker] b.taegyun.com.web.HelloControllerTest    : Starting HelloControllerTest on DESKTOP-EEG1DVF with PID 10444 (started by taeku in C:\Users\taeku\Desktop\IntelliJ)
2021-06-02 21:57:58.539  INFO 10444 --- [    Test worker] b.taegyun.com.web.HelloControllerTest    : No active profile set, falling back to default profiles: default
2021-06-02 21:57:59.393  INFO 10444 --- [    Test worker] o.s.s.concurrent.ThreadPoolTaskExecutor  : Initializing ExecutorService 'applicationTaskExecutor'
2021-06-02 21:57:59.452  INFO 10444 --- [    Test worker] o.s.b.a.w.s.WelcomePageHandlerMapping    : Adding welcome page template: index
2021-06-02 21:57:59.852  INFO 10444 --- [    Test worker] .s.s.UserDetailsServiceAutoConfiguration : 

Using generated security password: 344486d5-6d23-469e-bd8b-44573a118d02

2021-06-02 21:58:00.151  INFO 10444 --- [    Test worker] o.s.s.web.DefaultSecurityFilterChain     : Creating filter chain: any request, [org.springframework.security.web.context.request.async.WebAsyncManagerIntegrationFilter@6c424348, org.springframework.security.web.context.SecurityContextPersistenceFilter@2edff4c4, org.springframework.security.web.header.HeaderWriterFilter@78a8faaa, org.springframework.security.web.csrf.CsrfFilter@751f1c48, org.springframework.security.web.authentication.logout.LogoutFilter@1f37500, org.springframework.security.web.authentication.UsernamePasswordAuthenticationFilter@4e3d364, org.springframework.security.web.authentication.ui.DefaultLoginPageGeneratingFilter@79796ac2, org.springframework.security.web.authentication.ui.DefaultLogoutPageGeneratingFilter@607428f2, org.springframework.security.web.authentication.www.BasicAuthenticationFilter@6d7970e6, org.springframework.security.web.savedrequest.RequestCacheAwareFilter@71f1cb8d, org.springframework.security.web.servletapi.SecurityContextHolderAwareRequestFilter@4e3302b3, org.springframework.security.web.authentication.AnonymousAuthenticationFilter@462c9a5a, org.springframework.security.web.session.SessionManagementFilter@755844ab, org.springframework.security.web.access.ExceptionTranslationFilter@7eb0359, org.springframework.security.web.access.intercept.FilterSecurityInterceptor@464bb13b]
2021-06-02 21:58:00.178  INFO 10444 --- [    Test worker] o.s.b.t.m.w.SpringBootMockServletContext : Initializing Spring TestDispatcherServlet ''
2021-06-02 21:58:00.179  INFO 10444 --- [    Test worker] o.s.t.web.servlet.TestDispatcherServlet  : Initializing Servlet ''
2021-06-02 21:58:00.196  INFO 10444 --- [    Test worker] o.s.t.web.servlet.TestDispatcherServlet  : Completed initialization in 17 ms
2021-06-02 21:58:00.245  INFO 10444 --- [    Test worker] b.taegyun.com.web.HelloControllerTest    : Started HelloControllerTest in 1.78 seconds (JVM running for 21.53)
]]></system-out>
  <system-err><![CDATA[]]></system-err>
</testsuite>
